<?xml version="1.0" encoding="utf-8"?><testsuites name="pytest tests"><testsuite name="pytest" errors="0" failures="0" skipped="0" tests="5" time="7.634" timestamp="2026-03-07T16:15:04.051765+00:00" hostname="agent-env-25a70a14-2b81-41c4-9405-530c19a1d393"><testcase classname="backend.tests.test_health_and_invitations" name="test_health_ok" time="0.163" /><testcase classname="backend.tests.test_health_and_invitations" name="test_invitation_send_requires_auth" time="1.065" /><testcase classname="backend.tests.test_health_and_invitations" name="test_invitation_send_success" time="1.661" /><testcase classname="backend.tests.test_health_and_invitations" name="test_invitation_accept_not_found_for_invalid_token" time="1.222" /><testcase classname="backend.tests.test_health_and_invitations" name="test_invitation_send_and_accept_flow" time="3.503" /></testsuite></testsuites>